<?xml version="1.0" encoding="UTF-8"?>
<!-- Generated by org.testng.reporters.JUnitReportReporter -->
<testsuite hostname="DESKTOP-78C5GPV" failures="0" tests="1" name="demopakage.democlass" time="21.439" errors="0" timestamp="2022-08-21T11:38:09 IST" skipped="0">
  <testcase classname="demopakage.democlass" name="openBrowser" time="21.439"/>
  <system-out/>
</testsuite> <!-- demopakage.democlass -->
