<?xml version="1.0" encoding="UTF-8"?>
<!-- Generated by org.testng.reporters.JUnitReportReporter -->
<testsuite hostname="DESKTOP-78C5GPV" failures="0" tests="1" name="com.paralleAndCrossBrowser.ParelleAndCrossBrowser1" time="18.222" errors="0" timestamp="2022-08-21T10:52:03 IST" skipped="0">
  <testcase classname="com.paralleAndCrossBrowser.ParelleAndCrossBrowser1" name="tests" time="18.222"/>
  <system-out>
    <![CDATA[testcase is timertrack]]>
  </system-out>
</testsuite> <!-- com.paralleAndCrossBrowser.ParelleAndCrossBrowser1 -->
