<?xml version="1.0" encoding="UTF-8"?>
<!-- Generated by org.testng.reporters.JUnitReportReporter -->
<testsuite hostname="DESKTOP-78C5GPV" failures="0" tests="1" name="demopakage.democlass1" time="31.958" errors="0" timestamp="2022-08-21T11:34:49 IST" skipped="0">
  <testcase classname="demopakage.democlass1" name="openBrowser" time="31.958"/>
  <system-out/>
</testsuite> <!-- demopakage.democlass1 -->
