<?xml version="1.0" encoding="UTF-8"?>
<!-- Generated by org.testng.reporters.JUnitReportReporter -->
<testsuite hostname="DESKTOP-78C5GPV" failures="0" tests="1" name="com.actitime.testScript.DemoTesting1" time="24.411" errors="0" timestamp="2022-08-20T17:52:59 IST" skipped="0">
  <testcase classname="com.actitime.testScript.DemoTesting1" name="tests" time="24.411"/>
  <system-out>
    <![CDATA[testcase is task]]>
  </system-out>
</testsuite> <!-- com.actitime.testScript.DemoTesting1 -->
