<?xml version="1.0" encoding="UTF-8"?>
<!-- Generated by org.testng.reporters.JUnitReportReporter -->
<testsuite hostname="DESKTOP-78C5GPV" failures="0" tests="1" name="com.actitime.testScript.DemoTest2" time="23.215" errors="0" timestamp="2022-08-20T17:52:59 IST" skipped="0">
  <testcase classname="com.actitime.testScript.DemoTest2" name="tests" time="23.215"/>
  <system-out>
    <![CDATA[testcase is report]]>
  </system-out>
</testsuite> <!-- com.actitime.testScript.DemoTest2 -->
