<?xml version="1.0" encoding="UTF-8"?>
<!-- Generated by org.testng.reporters.JUnitReportReporter -->
<testsuite hostname="DESKTOP-78C5GPV" failures="0" tests="1" name="com.actitime.testScript.DemoTestng" time="23.658" errors="0" timestamp="2022-08-20T19:12:54 IST" skipped="0">
  <testcase classname="com.actitime.testScript.DemoTestng" name="tests" time="23.658"/>
  <system-out>
    <![CDATA[testcase is timertrack]]>
  </system-out>
</testsuite> <!-- com.actitime.testScript.DemoTestng -->
