<?xml version="1.0" encoding="UTF-8"?>
<!-- Generated by org.testng.reporters.JUnitReportReporter -->
<testsuite hostname="DESKTOP-78C5GPV" failures="0" tests="1" name="com.actitime.testScript.DemoTest3" time="26.699" errors="0" timestamp="2022-08-20T17:33:57 IST" skipped="0">
  <testcase classname="com.actitime.testScript.DemoTest3" name="tests" time="26.699"/>
  <system-out>
    <![CDATA[testcase is user]]>
  </system-out>
</testsuite> <!-- com.actitime.testScript.DemoTest3 -->
